<?xml version="1.0" encoding="UTF-8"?>
<testsuite name="com.example.kotestsample.web.PingControllerTest" tests="1" skipped="0" failures="0" errors="0" timestamp="2024-02-13T13:35:03" hostname="bagjeong-gyuui-MacBookPro-2.local" time="0.302">
  <properties/>
  <testcase name="정상적으로 ping 을 보낸다" classname="com.example.kotestsample.web.PingControllerTest" time="0.302"/>
  <system-out><![CDATA[22:35:02.530 [Test worker @coroutine#2] INFO org.springframework.test.context.support.AnnotationConfigContextLoaderUtils -- Could not detect default configuration classes for test class [com.example.kotestsample.web.PingControllerTest]: PingControllerTest does not declare any static, non-private, non-final, nested classes annotated with @Configuration.
22:35:02.617 [Test worker @coroutine#2] INFO org.springframework.boot.test.context.SpringBootTestContextBootstrapper -- Found @SpringBootConfiguration com.example.kotestsample.KotestSampleApplication for test class com.example.kotestsample.web.PingControllerTest

  .   ____          _            __ _ _
 /\\ / ___'_ __ _ _(_)_ __  __ _ \ \ \ \
( ( )\___ | '_ | '_| | '_ \/ _` | \ \ \ \
 \\/  ___)| |_)| | | | | || (_| |  ) ) ) )
  '  |____| .__|_| |_|_| |_\__, | / / / /
 =========|_|==============|___/=/_/_/_/
 :: Spring Boot ::                (v3.2.2)

2024-02-13T22:35:02.794+09:00  INFO 93096 --- [er @coroutine#2] c.e.kotestsample.web.PingControllerTest  : Starting PingControllerTest using Java 21.0.2 with PID 93096 (started by jeoung-gyu in /Users/jeoung-gyu/Workspace/spring-kotlin/test/kotest)
2024-02-13T22:35:02.794+09:00  INFO 93096 --- [er @coroutine#2] c.e.kotestsample.web.PingControllerTest  : No active profile set, falling back to 1 default profile: "default"
2024-02-13T22:35:03.299+09:00  INFO 93096 --- [er @coroutine#2] o.s.b.w.embedded.tomcat.TomcatWebServer  : Tomcat initialized with port 0 (http)
2024-02-13T22:35:03.306+09:00  INFO 93096 --- [er @coroutine#2] o.apache.catalina.core.StandardService   : Starting service [Tomcat]
2024-02-13T22:35:03.306+09:00  INFO 93096 --- [er @coroutine#2] o.apache.catalina.core.StandardEngine    : Starting Servlet engine: [Apache Tomcat/10.1.18]
2024-02-13T22:35:03.331+09:00  INFO 93096 --- [er @coroutine#2] o.a.c.c.C.[Tomcat].[localhost].[/]       : Initializing Spring embedded WebApplicationContext
2024-02-13T22:35:03.332+09:00  INFO 93096 --- [er @coroutine#2] w.s.c.ServletWebServerApplicationContext : Root WebApplicationContext: initialization completed in 435 ms
2024-02-13T22:35:03.502+09:00  INFO 93096 --- [er @coroutine#2] o.s.b.w.embedded.tomcat.TomcatWebServer  : Tomcat started on port 54156 (http) with context path ''
2024-02-13T22:35:03.508+09:00  INFO 93096 --- [er @coroutine#2] c.e.kotestsample.web.PingControllerTest  : Started PingControllerTest in 0.838 seconds (process running for 2.99)
2024-02-13T22:35:03.979+09:00  INFO 93096 --- [-1 @coroutine#4] o.s.mock.web.MockServletContext          : Initializing Spring TestDispatcherServlet ''
2024-02-13T22:35:03.980+09:00  INFO 93096 --- [-1 @coroutine#4] o.s.t.web.servlet.TestDispatcherServlet  : Initializing Servlet ''
2024-02-13T22:35:03.980+09:00  INFO 93096 --- [-1 @coroutine#4] o.s.t.web.servlet.TestDispatcherServlet  : Completed initialization in 0 ms

MockHttpServletRequest:
      HTTP Method = GET
      Request URI = /api/ping
       Parameters = {}
          Headers = [Content-Type:"application/json", "application/json"]
             Body = <no character encoding set>
    Session Attrs = {}

Handler:
             Type = com.example.kotestsample.web.PingController
           Method = com.example.kotestsample.web.PingController#getPong()

Async:
    Async started = false
     Async result = null

Resolved Exception:
             Type = null

ModelAndView:
        View name = null
             View = null
            Model = null

FlashMap:
       Attributes = null

MockHttpServletResponse:
           Status = 200
    Error message = null
          Headers = [Content-Type:"application/json"]
     Content type = application/json
             Body = {"status":"Pong"}
    Forwarded URL = null
   Redirected URL = null
          Cookies = []
]]></system-out>
  <system-err><![CDATA[WARNING: A Java agent has been loaded dynamically (/Users/jeoung-gyu/.gradle/caches/modules-2/files-2.1/net.bytebuddy/byte-buddy-agent/1.14.11/f9cb566608fbac6bc7bf54901a7aa11543a989ee/byte-buddy-agent-1.14.11.jar)
WARNING: If a serviceability tool is in use, please run with -XX:+EnableDynamicAgentLoading to hide this warning
WARNING: If a serviceability tool is not in use, please run with -Djdk.instrument.traceUsage for more information
WARNING: Dynamic loading of agents will be disallowed by default in a future release
]]></system-err>
</testsuite>
