<?xml version="1.0" encoding="UTF-8"?>
<testsuite name="com.example.kotestsample.web.TodoListControllerTest" tests="2" skipped="0" failures="0" errors="0" timestamp="2024-02-13T13:35:04" hostname="bagjeong-gyuui-MacBookPro-2.local" time="0.071">
  <properties/>
  <testcase name="Then: 200 상태 코드 와 response 를 반환 한다" classname="com.example.kotestsample.web.TodoListControllerTest" time="0.017"/>
  <testcase name="Then: 204 상태 코드를 내려준다." classname="com.example.kotestsample.web.TodoListControllerTest" time="0.006"/>
  <system-out><![CDATA[2024-02-13T22:35:04.374+09:00  INFO 93096 --- [er @coroutine#3] t.c.s.AnnotationConfigContextLoaderUtils : Could not detect default configuration classes for test class [com.example.kotestsample.web.TodoListControllerTest]: TodoListControllerTest does not declare any static, non-private, non-final, nested classes annotated with @Configuration.
2024-02-13T22:35:04.410+09:00  INFO 93096 --- [-1 @coroutine#5] o.s.mock.web.MockServletContext          : Initializing Spring TestDispatcherServlet ''
2024-02-13T22:35:04.410+09:00  INFO 93096 --- [-1 @coroutine#5] o.s.t.web.servlet.TestDispatcherServlet  : Initializing Servlet ''
2024-02-13T22:35:04.411+09:00  INFO 93096 --- [-1 @coroutine#5] o.s.t.web.servlet.TestDispatcherServlet  : Completed initialization in 1 ms

MockHttpServletRequest:
      HTTP Method = GET
      Request URI = /v1/todo-list
       Parameters = {}
          Headers = [Content-Type:"application/json", "application/json"]
             Body = <no character encoding set>
    Session Attrs = {}

Handler:
             Type = com.example.kotestsample.web.TodoListController
           Method = com.example.kotestsample.web.TodoListController#get()

Async:
    Async started = false
     Async result = null

Resolved Exception:
             Type = null

ModelAndView:
        View name = null
             View = null
            Model = null

FlashMap:
       Attributes = null

MockHttpServletResponse:
           Status = 200
    Error message = null
          Headers = [Content-Type:"application/json"]
     Content type = application/json
             Body = {"list":[{"title":"test","content":"test1"},{"title":"test","content":"test1"},{"title":"test","content":"test1"}]}
    Forwarded URL = null
   Redirected URL = null
          Cookies = []
2024-02-13T22:35:04.609+09:00  INFO 93096 --- [-1 @coroutine#6] o.s.mock.web.MockServletContext          : Initializing Spring TestDispatcherServlet ''
2024-02-13T22:35:04.609+09:00  INFO 93096 --- [-1 @coroutine#6] o.s.t.web.servlet.TestDispatcherServlet  : Initializing Servlet ''
2024-02-13T22:35:04.609+09:00  INFO 93096 --- [-1 @coroutine#6] o.s.t.web.servlet.TestDispatcherServlet  : Completed initialization in 0 ms

MockHttpServletRequest:
      HTTP Method = DELETE
      Request URI = /v1/todo-list/1
       Parameters = {}
          Headers = [Content-Type:"application/json", "application/json"]
             Body = <no character encoding set>
    Session Attrs = {}

Handler:
             Type = com.example.kotestsample.web.TodoListController
           Method = com.example.kotestsample.web.TodoListController#remove(long)

Async:
    Async started = false
     Async result = null

Resolved Exception:
             Type = null

ModelAndView:
        View name = null
             View = null
            Model = null

FlashMap:
       Attributes = null

MockHttpServletResponse:
           Status = 204
    Error message = null
          Headers = []
     Content type = null
             Body = 
    Forwarded URL = null
   Redirected URL = null
          Cookies = []
]]></system-out>
  <system-err><![CDATA[]]></system-err>
</testsuite>
